#
# There is insufficient memory for the Java Runtime Environment to continue.
# Native memory allocation (malloc) failed to allocate 866416 bytes. Error detail: Chunk::new
# Possible reasons:
#   The system is out of physical RAM or swap space
#   This process is running with CompressedOops enabled, and the Java Heap may be blocking the growth of the native heap
# Possible solutions:
#   Reduce memory load on the system
#   Increase physical memory or swap space
#   Check if swap backing store is full
#   Decrease Java heap size (-Xmx/-Xms)
#   Decrease number of Java threads
#   Decrease Java thread stack sizes (-Xss)
#   Set larger code cache with -XX:ReservedCodeCacheSize=
#   JVM is running with Unscaled Compressed Oops mode in which the Java heap is
#     placed in the first 4GB address space. The Java Heap base address is the
#     maximum limit for the native heap growth. Please use -XX:HeapBaseMinAddress
#     to set the Java Heap base and to place the Java Heap above 4GB virtual address.
# This output file may be truncated or incomplete.
#
#  Out of Memory Error (arena.cpp:191), pid=25564, tid=3784
#
# JRE version: OpenJDK Runtime Environment Temurin-17.0.12+7 (17.0.12+7) (build 17.0.12+7)
# Java VM: OpenJDK 64-Bit Server VM Temurin-17.0.12+7 (17.0.12+7, mixed mode, tiered, compressed oops, compressed class ptrs, parallel gc, windows-amd64)
# No core dump will be written. Minidumps are not enabled by default on client versions of Windows
#

---------------  S U M M A R Y ------------

Command Line: --add-modules=ALL-SYSTEM --add-opens=java.base/java.util=ALL-UNNAMED --add-opens=java.base/java.lang=ALL-UNNAMED --add-opens=java.base/sun.nio.fs=ALL-UNNAMED -Declipse.application=org.eclipse.jdt.ls.core.id1 -Dosgi.bundles.defaultStartLevel=4 -Declipse.product=org.eclipse.jdt.ls.core.product -Djava.import.generatesMetadataFilesAtProjectRoot=false -DDetectVMInstallationsJob.disabled=true -Dfile.encoding=utf8 -XX:+UseParallelGC -XX:GCTimeRatio=4 -XX:AdaptiveSizePolicyWeight=90 -Dsun.zip.disableMemoryMapping=true -Xmx1G -Xms100m -Xlog:disable -javaagent:c:\Users\44784\.vscode\extensions\redhat.java-1.35.1-win32-x64\lombok\lombok-1.18.33.jar c:\Users\44784\.vscode\extensions\redhat.java-1.35.1-win32-x64\server\plugins\org.eclipse.equinox.launcher_1.6.900.v20240613-2009.jar -configuration c:\Users\44784\AppData\Roaming\Code\User\globalStorage\redhat.java\1.35.1\config_ss_win -data c:\Users\44784\AppData\Roaming\Code\User\workspaceStorage\da41ad08b80f60b88457bd71583826af\redhat.java\ss_ws --pipe=\\.\pipe\lsp-fd6bd60863481e2862108cc5e70d73e7-sock

Host: AMD Ryzen 5 3600 6-Core Processor              , 12 cores, 15G,  Windows 11 , 64 bit Build 22621 (10.0.22621.3958)
Time: Wed Oct 16 09:17:42 2024 GMT Summer Time elapsed time: 12.114934 seconds (0d 0h 0m 12s)

---------------  T H R E A D  ---------------

Current thread (0x000001a1dc879940):  JavaThread "C2 CompilerThread1" daemon [_thread_in_native, id=3784, stack(0x0000002acb300000,0x0000002acb400000)]


Current CompileTask:
C2:  12115 4863       4       org.eclipse.jdt.internal.compiler.lookup.BinaryTypeBinding::createMethod (1724 bytes)

Stack: [0x0000002acb300000,0x0000002acb400000]
Native frames: (J=compiled Java code, j=interpreted, Vv=VM code, C=native code)
V  [jvm.dll+0x67f929]
V  [jvm.dll+0x8371ba]
V  [jvm.dll+0x838c7e]
V  [jvm.dll+0x8392e3]
V  [jvm.dll+0x24834f]
V  [jvm.dll+0xac9d4]
V  [jvm.dll+0xad01c]
V  [jvm.dll+0x2af96f]
V  [jvm.dll+0x5868d7]
V  [jvm.dll+0x2231c2]
V  [jvm.dll+0x21c37f]
V  [jvm.dll+0x219be1]
V  [jvm.dll+0x1a58bd]
V  [jvm.dll+0x229a2d]
V  [jvm.dll+0x227bdc]
V  [jvm.dll+0x7ec1f7]
V  [jvm.dll+0x7e65dc]
V  [jvm.dll+0x67e7f7]
C  [ucrtbase.dll+0x29333]
C  [KERNEL32.DLL+0x1257d]
C  [ntdll.dll+0x5af08]


---------------  P R O C E S S  ---------------

Threads class SMR info:
_java_thread_list=0x000001a1d073f2d0, length=40, elements={
0x000001a1b3eb40a0, 0x000001a1c7d31040, 0x000001a1c7d320b0, 0x000001a1c7d3e9b0,
0x000001a1cce87300, 0x000001a1cce89be0, 0x000001a1cce8a4b0, 0x000001a1cce8b0b0,
0x000001a1cceb8550, 0x000001a1cced5270, 0x000001a1cd00a4a0, 0x000001a1cd10b9b0,
0x000001a1cefccab0, 0x000001a1cefc47c0, 0x000001a1cf1d5b50, 0x000001a1cefb7d20,
0x000001a1cf10d010, 0x000001a1cf10f890, 0x000001a1cf10e960, 0x000001a1cf10f380,
0x000001a1cf10fda0, 0x000001a1cf1102b0, 0x000001a1cf1107c0, 0x000001a1cf10d520,
0x000001a1cf10df40, 0x000001a1cf10da30, 0x000001a1cf10e450, 0x000001a1cf10ee70,
0x000001a1d0829300, 0x000001a1d082a740, 0x000001a1d082ac50, 0x000001a1d082c090,
0x000001a1d082c5a0, 0x000001a1d082def0, 0x000001a1d082e400, 0x000001a1d0829810,
0x000001a1d082fd50, 0x000001a1d082a230, 0x000001a1d082d9e0, 0x000001a1dc879940
}

Java Threads: ( => current thread )
  0x000001a1b3eb40a0 JavaThread "main" [_thread_blocked, id=23872, stack(0x0000002ac7e00000,0x0000002ac7f00000)]
  0x000001a1c7d31040 JavaThread "Reference Handler" daemon [_thread_blocked, id=8724, stack(0x0000002ac8100000,0x0000002ac8200000)]
  0x000001a1c7d320b0 JavaThread "Finalizer" daemon [_thread_blocked, id=20504, stack(0x0000002ac8200000,0x0000002ac8300000)]
  0x000001a1c7d3e9b0 JavaThread "Signal Dispatcher" daemon [_thread_blocked, id=25868, stack(0x0000002ac8300000,0x0000002ac8400000)]
  0x000001a1cce87300 JavaThread "Attach Listener" daemon [_thread_blocked, id=13736, stack(0x0000002ac8400000,0x0000002ac8500000)]
  0x000001a1cce89be0 JavaThread "Service Thread" daemon [_thread_blocked, id=29516, stack(0x0000002ac8500000,0x0000002ac8600000)]
  0x000001a1cce8a4b0 JavaThread "Monitor Deflation Thread" daemon [_thread_blocked, id=23992, stack(0x0000002ac8600000,0x0000002ac8700000)]
  0x000001a1cce8b0b0 JavaThread "C2 CompilerThread0" daemon [_thread_in_native, id=21860, stack(0x0000002ac8700000,0x0000002ac8800000)]
  0x000001a1cceb8550 JavaThread "C1 CompilerThread0" daemon [_thread_blocked, id=21508, stack(0x0000002ac8800000,0x0000002ac8900000)]
  0x000001a1cced5270 JavaThread "Sweeper thread" daemon [_thread_blocked, id=2176, stack(0x0000002ac8900000,0x0000002ac8a00000)]
  0x000001a1cd00a4a0 JavaThread "Common-Cleaner" daemon [_thread_blocked, id=22516, stack(0x0000002ac8a00000,0x0000002ac8b00000)]
  0x000001a1cd10b9b0 JavaThread "Notification Thread" daemon [_thread_blocked, id=23184, stack(0x0000002ac8b00000,0x0000002ac8c00000)]
  0x000001a1cefccab0 JavaThread "Active Thread: Equinox Container: ab0c2265-f3e7-4ff3-b995-33f3a77924a9" [_thread_blocked, id=29688, stack(0x0000002ac9500000,0x0000002ac9600000)]
  0x000001a1cefc47c0 JavaThread "Framework Event Dispatcher: Equinox Container: ab0c2265-f3e7-4ff3-b995-33f3a77924a9" daemon [_thread_blocked, id=27320, stack(0x0000002ac9600000,0x0000002ac9700000)]
  0x000001a1cf1d5b50 JavaThread "Start Level: Equinox Container: ab0c2265-f3e7-4ff3-b995-33f3a77924a9" daemon [_thread_blocked, id=14900, stack(0x0000002ac9700000,0x0000002ac9800000)]
  0x000001a1cefb7d20 JavaThread "SCR Component Actor" daemon [_thread_blocked, id=11864, stack(0x0000002ac9800000,0x0000002ac9900000)]
  0x000001a1cf10d010 JavaThread "Worker-JM" [_thread_blocked, id=26644, stack(0x0000002ac9b00000,0x0000002ac9c00000)]
  0x000001a1cf10f890 JavaThread "JNA Cleaner" daemon [_thread_blocked, id=22548, stack(0x0000002ac8d00000,0x0000002ac8e00000)]
  0x000001a1cf10e960 JavaThread "Worker-0: Publish Diagnostics" [_thread_in_vm, id=9276, stack(0x0000002ac8e00000,0x0000002ac8f00000)]
  0x000001a1cf10f380 JavaThread "Worker-1" [_thread_blocked, id=4812, stack(0x0000002ac9e00000,0x0000002ac9f00000)]
  0x000001a1cf10fda0 JavaThread "Thread-2" daemon [_thread_in_native, id=18088, stack(0x0000002aca200000,0x0000002aca300000)]
  0x000001a1cf1102b0 JavaThread "Thread-3" daemon [_thread_in_native, id=23484, stack(0x0000002aca300000,0x0000002aca400000)]
  0x000001a1cf1107c0 JavaThread "Thread-4" daemon [_thread_in_native, id=23668, stack(0x0000002aca400000,0x0000002aca500000)]
  0x000001a1cf10d520 JavaThread "Thread-5" daemon [_thread_in_native, id=18692, stack(0x0000002aca500000,0x0000002aca600000)]
  0x000001a1cf10df40 JavaThread "Thread-6" daemon [_thread_in_native, id=19924, stack(0x0000002aca600000,0x0000002aca700000)]
  0x000001a1cf10da30 JavaThread "Thread-7" daemon [_thread_in_native, id=20104, stack(0x0000002aca700000,0x0000002aca800000)]
  0x000001a1cf10e450 JavaThread "Thread-8" daemon [_thread_in_native, id=29580, stack(0x0000002aca800000,0x0000002aca900000)]
  0x000001a1cf10ee70 JavaThread "Thread-9" daemon [_thread_in_native, id=18844, stack(0x0000002aca900000,0x0000002acaa00000)]
  0x000001a1d0829300 JavaThread "Thread-10" daemon [_thread_in_native, id=21784, stack(0x0000002acaa00000,0x0000002acab00000)]
  0x000001a1d082a740 JavaThread "Thread-11" daemon [_thread_in_native, id=12468, stack(0x0000002acab00000,0x0000002acac00000)]
  0x000001a1d082ac50 JavaThread "Thread-12" daemon [_thread_in_native, id=22384, stack(0x0000002acac00000,0x0000002acad00000)]
  0x000001a1d082c090 JavaThread "Thread-13" daemon [_thread_in_native, id=10908, stack(0x0000002acad00000,0x0000002acae00000)]
  0x000001a1d082c5a0 JavaThread "Thread-14" daemon [_thread_in_native, id=18056, stack(0x0000002acae00000,0x0000002acaf00000)]
  0x000001a1d082def0 JavaThread "pool-2-thread-1" [_thread_blocked, id=3392, stack(0x0000002acb000000,0x0000002acb100000)]
  0x000001a1d082e400 JavaThread "WorkspaceEventsHandler" [_thread_blocked, id=13856, stack(0x0000002acb100000,0x0000002acb200000)]
  0x000001a1d0829810 JavaThread "pool-1-thread-1" [_thread_blocked, id=22404, stack(0x0000002acb200000,0x0000002acb300000)]
  0x000001a1d082fd50 JavaThread "ForkJoinPool.commonPool-worker-1" daemon [_thread_in_Java, id=25996, stack(0x0000002ac9f00000,0x0000002aca000000)]
  0x000001a1d082a230 JavaThread "ForkJoinPool.commonPool-worker-2" daemon [_thread_blocked, id=26156, stack(0x0000002aca000000,0x0000002aca100000)]
  0x000001a1d082d9e0 JavaThread "Worker-2" [_thread_blocked, id=17992, stack(0x0000002ac9a00000,0x0000002ac9b00000)]
=>0x000001a1dc879940 JavaThread "C2 CompilerThread1" daemon [_thread_in_native, id=3784, stack(0x0000002acb300000,0x0000002acb400000)]

Other Threads:
  0x000001a1b1e0eb00 VMThread "VM Thread" [stack: 0x0000002ac8000000,0x0000002ac8100000] [id=25268]
  0x000001a1cd10be90 WatcherThread [stack: 0x0000002ac8c00000,0x0000002ac8d00000] [id=20352]
  0x000001a1b3ec8cb0 GCTaskThread "GC Thread#0" [stack: 0x0000002ac7f00000,0x0000002ac8000000] [id=17552]
  0x000001a1cea66380 GCTaskThread "GC Thread#1" [stack: 0x0000002ac8f00000,0x0000002ac9000000] [id=24408]
  0x000001a1cea66640 GCTaskThread "GC Thread#2" [stack: 0x0000002ac9000000,0x0000002ac9100000] [id=3640]
  0x000001a1cea68d60 GCTaskThread "GC Thread#3" [stack: 0x0000002ac9100000,0x0000002ac9200000] [id=6884]
  0x000001a1ceb9a5a0 GCTaskThread "GC Thread#4" [stack: 0x0000002ac9200000,0x0000002ac9300000] [id=4520]
  0x000001a1ceb9a860 GCTaskThread "GC Thread#5" [stack: 0x0000002ac9300000,0x0000002ac9400000] [id=22864]
  0x000001a1ceb9ab20 GCTaskThread "GC Thread#6" [stack: 0x0000002ac9400000,0x0000002ac9500000] [id=27116]
  0x000001a1cef839a0 GCTaskThread "GC Thread#7" [stack: 0x0000002ac9900000,0x0000002ac9a00000] [id=15820]
  0x000001a1cf0d5370 GCTaskThread "GC Thread#8" [stack: 0x0000002ac9c00000,0x0000002ac9d00000] [id=24076]
  0x000001a1cf1a1230 GCTaskThread "GC Thread#9" [stack: 0x0000002ac9d00000,0x0000002ac9e00000] [id=14396]

Threads with active compile tasks:
C2 CompilerThread0    12137 4926       4       org.eclipse.jdt.internal.compiler.classfmt.MethodInfo::getSelector (49 bytes)
C2 CompilerThread1    12137 4863       4       org.eclipse.jdt.internal.compiler.lookup.BinaryTypeBinding::createMethod (1724 bytes)

VM state: not at safepoint (normal execution)

VM Mutex/Monitor currently owned by a thread:  ([mutex/lock_event])
[0x000001a1b3eb07f0] MethodCompileQueue_lock - owner thread: 0x000001a1cf10e960

Heap address: 0x00000000c0000000, size: 1024 MB, Compressed Oops mode: 32-bit

CDS archive(s) not mapped
Compressed class space mapped at: 0x0000000100000000-0x0000000140000000, reserved size: 1073741824
Narrow klass base: 0x0000000000000000, Narrow klass shift: 3, Narrow klass range: 0x140000000

GC Precious Log:
 CPUs: 12 total, 12 available
 Memory: 16332M
 Large Page Support: Disabled
 NUMA Support: Disabled
 Compressed Oops: Enabled (32-bit)
 Alignments: Space 512K, Generation 512K, Heap 2M
 Heap Min Capacity: 100M
 Heap Initial Capacity: 100M
 Heap Max Capacity: 1G
 Pre-touch: Disabled
 Parallel Workers: 10

Heap:
 PSYoungGen      total 23552K, used 18662K [0x00000000eab00000, 0x00000000ec480000, 0x0000000100000000)
  eden space 20992K, 78% used [0x00000000eab00000,0x00000000ebb27da8,0x00000000ebf80000)
  from space 2560K, 82% used [0x00000000ebf80000,0x00000000ec191d78,0x00000000ec200000)
  to   space 2560K, 0% used [0x00000000ec200000,0x00000000ec200000,0x00000000ec480000)
 ParOldGen       total 68608K, used 27815K [0x00000000c0000000, 0x00000000c4300000, 0x00000000eab00000)
  object space 68608K, 40% used [0x00000000c0000000,0x00000000c1b29e48,0x00000000c4300000)
 Metaspace       used 47816K, committed 48704K, reserved 1114112K
  class space    used 4845K, committed 5248K, reserved 1048576K

Card table byte_map: [0x000001a1b3870000,0x000001a1b3a80000] _byte_map_base: 0x000001a1b3270000

Marking Bits: (ParMarkBitMap*) 0x00007ff8692e58b0
 Begin Bits: [0x000001a1c5b40000, 0x000001a1c6b40000)
 End Bits:   [0x000001a1c6b40000, 0x000001a1c7b40000)

Polling page: 0x000001a1b3660000

Metaspace:

Usage:
  Non-class:     41.96 MB used.
      Class:      4.73 MB used.
       Both:     46.70 MB used.

Virtual space:
  Non-class space:       64.00 MB reserved,      42.44 MB ( 66%) committed,  1 nodes.
      Class space:        1.00 GB reserved,       5.12 MB ( <1%) committed,  1 nodes.
             Both:        1.06 GB reserved,      47.56 MB (  4%) committed. 

Chunk freelists:
   Non-Class:  5.61 MB
       Class:  10.90 MB
        Both:  16.51 MB

MaxMetaspaceSize: unlimited
CompressedClassSpaceSize: 1.00 GB
Initial GC threshold: 21.00 MB
Current GC threshold: 58.38 MB
CDS: off
MetaspaceReclaimPolicy: balanced
 - commit_granule_bytes: 65536.
 - commit_granule_words: 8192.
 - virtual_space_node_default_size: 8388608.
 - enlarge_chunks_in_place: 1.
 - new_chunks_are_fully_committed: 0.
 - uncommit_free_chunks: 1.
 - use_allocation_guard: 0.
 - handle_deallocations: 1.


Internal statistics:

num_allocs_failed_limit: 6.
num_arena_births: 588.
num_arena_deaths: 14.
num_vsnodes_births: 2.
num_vsnodes_deaths: 0.
num_space_committed: 761.
num_space_uncommitted: 0.
num_chunks_returned_to_freelist: 20.
num_chunks_taken_from_freelist: 2271.
num_chunk_merges: 8.
num_chunk_splits: 1455.
num_chunks_enlarged: 914.
num_inconsistent_stats: 0.

CodeHeap 'non-profiled nmethods': size=120000Kb used=3102Kb max_used=3102Kb free=116897Kb
 bounds [0x000001a1be610000, 0x000001a1be920000, 0x000001a1c5b40000]
CodeHeap 'profiled nmethods': size=120000Kb used=10471Kb max_used=10471Kb free=109528Kb
 bounds [0x000001a1b6b40000, 0x000001a1b7580000, 0x000001a1be070000]
CodeHeap 'non-nmethods': size=5760Kb used=1343Kb max_used=1400Kb free=4416Kb
 bounds [0x000001a1be070000, 0x000001a1be2e0000, 0x000001a1be610000]
 total_blobs=5622 nmethods=4933 adapters=601
 compilation: enabled
              stopped_count=0, restarted_count=0
 full_count=0

Compilation events (20 events):
Event: 12.104 Thread 0x000001a1cceb8550 4916       3       java.util.stream.ReferencePipeline::toArray (18 bytes)
Event: 12.104 Thread 0x000001a1cceb8550 nmethod 4916 0x000001a1b756e490 code [0x000001a1b756e640, 0x000001a1b756e888]
Event: 12.105 Thread 0x000001a1cceb8550 4915       3       org.eclipse.jdt.internal.compiler.classfmt.FieldInfo::getName (49 bytes)
Event: 12.105 Thread 0x000001a1cceb8550 nmethod 4915 0x000001a1b756e990 code [0x000001a1b756eb80, 0x000001a1b756f128]
Event: 12.105 Thread 0x000001a1cceb8550 4917       3       java.util.stream.AbstractPipeline::evaluateToArrayNode (78 bytes)
Event: 12.105 Thread 0x000001a1cceb8550 nmethod 4917 0x000001a1b756f410 code [0x000001a1b756f620, 0x000001a1b756fbd8]
Event: 12.105 Thread 0x000001a1cceb8550 4918       3       java.util.stream.Nodes::flatten (70 bytes)
Event: 12.105 Thread 0x000001a1cceb8550 nmethod 4918 0x000001a1b756fd90 code [0x000001a1b756ffc0, 0x000001a1b75707b8]
Event: 12.105 Thread 0x000001a1cceb8550 4920       3       org.eclipse.jdt.internal.compiler.lookup.ReferenceBinding::isStatic (28 bytes)
Event: 12.105 Thread 0x000001a1cceb8550 nmethod 4920 0x000001a1b7570a90 code [0x000001a1b7570c20, 0x000001a1b7570df8]
Event: 12.106 Thread 0x000001a1cceb8550 4919       3       org.eclipse.jdt.internal.compiler.lookup.Scope::environment (8 bytes)
Event: 12.106 Thread 0x000001a1cceb8550 nmethod 4919 0x000001a1b7570e90 code [0x000001a1b7571020, 0x000001a1b7571138]
Event: 12.108 Thread 0x000001a1cce8b0b0 nmethod 4881 0x000001a1be912490 code [0x000001a1be9126a0, 0x000001a1be913ae8]
Event: 12.108 Thread 0x000001a1cce8b0b0 4899       4       org.eclipse.jdt.internal.core.util.HashtableOfArrayToObject::hashCode (35 bytes)
Event: 12.112 Thread 0x000001a1cce8b0b0 nmethod 4899 0x000001a1be914910 code [0x000001a1be914aa0, 0x000001a1be914d38]
Event: 12.112 Thread 0x000001a1cce8b0b0 4889       4       java.lang.invoke.Invokers$Holder::linkToTargetMethod (9 bytes)
Event: 12.113 Thread 0x000001a1cce8b0b0 nmethod 4889 0x000001a1be914f90 code [0x000001a1be915120, 0x000001a1be9151f8]
Event: 12.113 Thread 0x000001a1cce8b0b0 4885       4       java.util.ArrayDeque::isEmpty (17 bytes)
Event: 12.113 Thread 0x000001a1cce8b0b0 nmethod 4885 0x000001a1be915310 code [0x000001a1be915480, 0x000001a1be915518]
Event: 12.113 Thread 0x000001a1cce8b0b0 4888       4       org.eclipse.jdt.internal.compiler.parser.ScannerHelper::toLowerCase (42 bytes)

GC Heap History (20 events):
Event: 7.802 GC heap before
{Heap before GC invocations=14 (full 2):
 PSYoungGen      total 25088K, used 24849K [0x00000000eab00000, 0x00000000ec600000, 0x0000000100000000)
  eden space 22528K, 100% used [0x00000000eab00000,0x00000000ec100000,0x00000000ec100000)
  from space 2560K, 90% used [0x00000000ec280000,0x00000000ec4c4460,0x00000000ec500000)
  to   space 1024K, 0% used [0x00000000ec500000,0x00000000ec500000,0x00000000ec600000)
 ParOldGen       total 68608K, used 14340K [0x00000000c0000000, 0x00000000c4300000, 0x00000000eab00000)
  object space 68608K, 20% used [0x00000000c0000000,0x00000000c0e010c8,0x00000000c4300000)
 Metaspace       used 38588K, committed 39424K, reserved 1114112K
  class space    used 3928K, committed 4288K, reserved 1048576K
}
Event: 7.805 GC heap after
{Heap after GC invocations=14 (full 2):
 PSYoungGen      total 23040K, used 994K [0x00000000eab00000, 0x00000000ec980000, 0x0000000100000000)
  eden space 22016K, 0% used [0x00000000eab00000,0x00000000eab00000,0x00000000ec080000)
  from space 1024K, 97% used [0x00000000ec500000,0x00000000ec5f8800,0x00000000ec600000)
  to   space 4608K, 0% used [0x00000000ec080000,0x00000000ec080000,0x00000000ec500000)
 ParOldGen       total 68608K, used 17458K [0x00000000c0000000, 0x00000000c4300000, 0x00000000eab00000)
  object space 68608K, 25% used [0x00000000c0000000,0x00000000c110c9a8,0x00000000c4300000)
 Metaspace       used 38588K, committed 39424K, reserved 1114112K
  class space    used 3928K, committed 4288K, reserved 1048576K
}
Event: 8.002 GC heap before
{Heap before GC invocations=15 (full 2):
 PSYoungGen      total 23040K, used 23009K [0x00000000eab00000, 0x00000000ec980000, 0x0000000100000000)
  eden space 22016K, 99% used [0x00000000eab00000,0x00000000ec07fc98,0x00000000ec080000)
  from space 1024K, 97% used [0x00000000ec500000,0x00000000ec5f8800,0x00000000ec600000)
  to   space 4608K, 0% used [0x00000000ec080000,0x00000000ec080000,0x00000000ec500000)
 ParOldGen       total 68608K, used 17458K [0x00000000c0000000, 0x00000000c4300000, 0x00000000eab00000)
  object space 68608K, 25% used [0x00000000c0000000,0x00000000c110c9a8,0x00000000c4300000)
 Metaspace       used 39919K, committed 40704K, reserved 1114112K
  class space    used 4091K, committed 4416K, reserved 1048576K
}
Event: 8.004 GC heap after
{Heap after GC invocations=15 (full 2):
 PSYoungGen      total 24064K, used 1705K [0x00000000eab00000, 0x00000000ec680000, 0x0000000100000000)
  eden space 22016K, 0% used [0x00000000eab00000,0x00000000eab00000,0x00000000ec080000)
  from space 2048K, 83% used [0x00000000ec080000,0x00000000ec22a508,0x00000000ec280000)
  to   space 3072K, 0% used [0x00000000ec380000,0x00000000ec380000,0x00000000ec680000)
 ParOldGen       total 68608K, used 18492K [0x00000000c0000000, 0x00000000c4300000, 0x00000000eab00000)
  object space 68608K, 26% used [0x00000000c0000000,0x00000000c120f1a8,0x00000000c4300000)
 Metaspace       used 39919K, committed 40704K, reserved 1114112K
  class space    used 4091K, committed 4416K, reserved 1048576K
}
Event: 8.287 GC heap before
{Heap before GC invocations=16 (full 2):
 PSYoungGen      total 24064K, used 23721K [0x00000000eab00000, 0x00000000ec680000, 0x0000000100000000)
  eden space 22016K, 100% used [0x00000000eab00000,0x00000000ec080000,0x00000000ec080000)
  from space 2048K, 83% used [0x00000000ec080000,0x00000000ec22a508,0x00000000ec280000)
  to   space 3072K, 0% used [0x00000000ec380000,0x00000000ec380000,0x00000000ec680000)
 ParOldGen       total 68608K, used 18492K [0x00000000c0000000, 0x00000000c4300000, 0x00000000eab00000)
  object space 68608K, 26% used [0x00000000c0000000,0x00000000c120f1a8,0x00000000c4300000)
 Metaspace       used 40759K, committed 41664K, reserved 1114112K
  class space    used 4176K, committed 4544K, reserved 1048576K
}
Event: 8.291 GC heap after
{Heap after GC invocations=16 (full 2):
 PSYoungGen      total 23552K, used 1523K [0x00000000eab00000, 0x00000000ec500000, 0x0000000100000000)
  eden space 22016K, 0% used [0x00000000eab00000,0x00000000eab00000,0x00000000ec080000)
  from space 1536K, 99% used [0x00000000ec380000,0x00000000ec4fcf30,0x00000000ec500000)
  to   space 2048K, 0% used [0x00000000ec100000,0x00000000ec100000,0x00000000ec300000)
 ParOldGen       total 68608K, used 20037K [0x00000000c0000000, 0x00000000c4300000, 0x00000000eab00000)
  object space 68608K, 29% used [0x00000000c0000000,0x00000000c13915d0,0x00000000c4300000)
 Metaspace       used 40759K, committed 41664K, reserved 1114112K
  class space    used 4176K, committed 4544K, reserved 1048576K
}
Event: 8.525 GC heap before
{Heap before GC invocations=17 (full 2):
 PSYoungGen      total 23552K, used 23532K [0x00000000eab00000, 0x00000000ec500000, 0x0000000100000000)
  eden space 22016K, 99% used [0x00000000eab00000,0x00000000ec07e110,0x00000000ec080000)
  from space 1536K, 99% used [0x00000000ec380000,0x00000000ec4fcf30,0x00000000ec500000)
  to   space 2048K, 0% used [0x00000000ec100000,0x00000000ec100000,0x00000000ec300000)
 ParOldGen       total 68608K, used 20037K [0x00000000c0000000, 0x00000000c4300000, 0x00000000eab00000)
  object space 68608K, 29% used [0x00000000c0000000,0x00000000c13915d0,0x00000000c4300000)
 Metaspace       used 41803K, committed 42624K, reserved 1114112K
  class space    used 4280K, committed 4608K, reserved 1048576K
}
Event: 8.526 GC heap after
{Heap after GC invocations=17 (full 2):
 PSYoungGen      total 24064K, used 160K [0x00000000eab00000, 0x00000000ec400000, 0x0000000100000000)
  eden space 22016K, 0% used [0x00000000eab00000,0x00000000eab00000,0x00000000ec080000)
  from space 2048K, 7% used [0x00000000ec100000,0x00000000ec128000,0x00000000ec300000)
  to   space 1024K, 0% used [0x00000000ec300000,0x00000000ec300000,0x00000000ec400000)
 ParOldGen       total 68608K, used 20309K [0x00000000c0000000, 0x00000000c4300000, 0x00000000eab00000)
  object space 68608K, 29% used [0x00000000c0000000,0x00000000c13d5520,0x00000000c4300000)
 Metaspace       used 41803K, committed 42624K, reserved 1114112K
  class space    used 4280K, committed 4608K, reserved 1048576K
}
Event: 9.115 GC heap before
{Heap before GC invocations=18 (full 2):
 PSYoungGen      total 24064K, used 22169K [0x00000000eab00000, 0x00000000ec400000, 0x0000000100000000)
  eden space 22016K, 99% used [0x00000000eab00000,0x00000000ec07e490,0x00000000ec080000)
  from space 2048K, 7% used [0x00000000ec100000,0x00000000ec128000,0x00000000ec300000)
  to   space 1024K, 0% used [0x00000000ec300000,0x00000000ec300000,0x00000000ec400000)
 ParOldGen       total 68608K, used 20309K [0x00000000c0000000, 0x00000000c4300000, 0x00000000eab00000)
  object space 68608K, 29% used [0x00000000c0000000,0x00000000c13d5520,0x00000000c4300000)
 Metaspace       used 43039K, committed 43840K, reserved 1114112K
  class space    used 4404K, committed 4736K, reserved 1048576K
}
Event: 9.116 GC heap after
{Heap after GC invocations=18 (full 2):
 PSYoungGen      total 22528K, used 480K [0x00000000eab00000, 0x00000000ec380000, 0x0000000100000000)
  eden space 22016K, 0% used [0x00000000eab00000,0x00000000eab00000,0x00000000ec080000)
  from space 512K, 93% used [0x00000000ec300000,0x00000000ec378000,0x00000000ec380000)
  to   space 1024K, 0% used [0x00000000ec180000,0x00000000ec180000,0x00000000ec280000)
 ParOldGen       total 68608K, used 20389K [0x00000000c0000000, 0x00000000c4300000, 0x00000000eab00000)
  object space 68608K, 29% used [0x00000000c0000000,0x00000000c13e9520,0x00000000c4300000)
 Metaspace       used 43039K, committed 43840K, reserved 1114112K
  class space    used 4404K, committed 4736K, reserved 1048576K
}
Event: 10.546 GC heap before
{Heap before GC invocations=19 (full 2):
 PSYoungGen      total 22528K, used 22496K [0x00000000eab00000, 0x00000000ec380000, 0x0000000100000000)
  eden space 22016K, 100% used [0x00000000eab00000,0x00000000ec080000,0x00000000ec080000)
  from space 512K, 93% used [0x00000000ec300000,0x00000000ec378000,0x00000000ec380000)
  to   space 1024K, 0% used [0x00000000ec180000,0x00000000ec180000,0x00000000ec280000)
 ParOldGen       total 68608K, used 20389K [0x00000000c0000000, 0x00000000c4300000, 0x00000000eab00000)
  object space 68608K, 29% used [0x00000000c0000000,0x00000000c13e9520,0x00000000c4300000)
 Metaspace       used 45552K, committed 46464K, reserved 1114112K
  class space    used 4611K, committed 4992K, reserved 1048576K
}
Event: 10.547 GC heap after
{Heap after GC invocations=19 (full 2):
 PSYoungGen      total 23040K, used 992K [0x00000000eab00000, 0x00000000ec380000, 0x0000000100000000)
  eden space 22016K, 0% used [0x00000000eab00000,0x00000000eab00000,0x00000000ec080000)
  from space 1024K, 96% used [0x00000000ec180000,0x00000000ec278030,0x00000000ec280000)
  to   space 1024K, 0% used [0x00000000ec280000,0x00000000ec280000,0x00000000ec380000)
 ParOldGen       total 68608K, used 20717K [0x00000000c0000000, 0x00000000c4300000, 0x00000000eab00000)
  object space 68608K, 30% used [0x00000000c0000000,0x00000000c143b530,0x00000000c4300000)
 Metaspace       used 45552K, committed 46464K, reserved 1114112K
  class space    used 4611K, committed 4992K, reserved 1048576K
}
Event: 10.742 GC heap before
{Heap before GC invocations=20 (full 2):
 PSYoungGen      total 23040K, used 23008K [0x00000000eab00000, 0x00000000ec380000, 0x0000000100000000)
  eden space 22016K, 100% used [0x00000000eab00000,0x00000000ec080000,0x00000000ec080000)
  from space 1024K, 96% used [0x00000000ec180000,0x00000000ec278030,0x00000000ec280000)
  to   space 1024K, 0% used [0x00000000ec280000,0x00000000ec280000,0x00000000ec380000)
 ParOldGen       total 68608K, used 20717K [0x00000000c0000000, 0x00000000c4300000, 0x00000000eab00000)
  object space 68608K, 30% used [0x00000000c0000000,0x00000000c143b530,0x00000000c4300000)
 Metaspace       used 45554K, committed 46464K, reserved 1114112K
  class space    used 4611K, committed 4992K, reserved 1048576K
}
Event: 10.749 GC heap after
{Heap after GC invocations=20 (full 2):
 PSYoungGen      total 22016K, used 1024K [0x00000000eab00000, 0x00000000ec680000, 0x0000000100000000)
  eden space 20992K, 0% used [0x00000000eab00000,0x00000000eab00000,0x00000000ebf80000)
  from space 1024K, 100% used [0x00000000ec280000,0x00000000ec380000,0x00000000ec380000)
  to   space 3072K, 0% used [0x00000000ebf80000,0x00000000ebf80000,0x00000000ec280000)
 ParOldGen       total 68608K, used 22375K [0x00000000c0000000, 0x00000000c4300000, 0x00000000eab00000)
  object space 68608K, 32% used [0x00000000c0000000,0x00000000c15d9d38,0x00000000c4300000)
 Metaspace       used 45554K, committed 46464K, reserved 1114112K
  class space    used 4611K, committed 4992K, reserved 1048576K
}
Event: 10.841 GC heap before
{Heap before GC invocations=21 (full 2):
 PSYoungGen      total 22016K, used 22016K [0x00000000eab00000, 0x00000000ec680000, 0x0000000100000000)
  eden space 20992K, 100% used [0x00000000eab00000,0x00000000ebf80000,0x00000000ebf80000)
  from space 1024K, 100% used [0x00000000ec280000,0x00000000ec380000,0x00000000ec380000)
  to   space 3072K, 0% used [0x00000000ebf80000,0x00000000ebf80000,0x00000000ec280000)
 ParOldGen       total 68608K, used 22375K [0x00000000c0000000, 0x00000000c4300000, 0x00000000eab00000)
  object space 68608K, 32% used [0x00000000c0000000,0x00000000c15d9d38,0x00000000c4300000)
 Metaspace       used 45555K, committed 46464K, reserved 1114112K
  class space    used 4611K, committed 4992K, reserved 1048576K
}
Event: 10.850 GC heap after
{Heap after GC invocations=21 (full 2):
 PSYoungGen      total 23552K, used 2372K [0x00000000eab00000, 0x00000000ec480000, 0x0000000100000000)
  eden space 20992K, 0% used [0x00000000eab00000,0x00000000eab00000,0x00000000ebf80000)
  from space 2560K, 92% used [0x00000000ebf80000,0x00000000ec1d1000,0x00000000ec200000)
  to   space 2560K, 0% used [0x00000000ec200000,0x00000000ec200000,0x00000000ec480000)
 ParOldGen       total 68608K, used 23395K [0x00000000c0000000, 0x00000000c4300000, 0x00000000eab00000)
  object space 68608K, 34% used [0x00000000c0000000,0x00000000c16d8e38,0x00000000c4300000)
 Metaspace       used 45555K, committed 46464K, reserved 1114112K
  class space    used 4611K, committed 4992K, reserved 1048576K
}
Event: 11.016 GC heap before
{Heap before GC invocations=22 (full 2):
 PSYoungGen      total 23552K, used 23364K [0x00000000eab00000, 0x00000000ec480000, 0x0000000100000000)
  eden space 20992K, 100% used [0x00000000eab00000,0x00000000ebf80000,0x00000000ebf80000)
  from space 2560K, 92% used [0x00000000ebf80000,0x00000000ec1d1000,0x00000000ec200000)
  to   space 2560K, 0% used [0x00000000ec200000,0x00000000ec200000,0x00000000ec480000)
 ParOldGen       total 68608K, used 23395K [0x00000000c0000000, 0x00000000c4300000, 0x00000000eab00000)
  object space 68608K, 34% used [0x00000000c0000000,0x00000000c16d8e38,0x00000000c4300000)
 Metaspace       used 45555K, committed 46464K, reserved 1114112K
  class space    used 4611K, committed 4992K, reserved 1048576K
}
Event: 11.020 GC heap after
{Heap after GC invocations=22 (full 2):
 PSYoungGen      total 23552K, used 2304K [0x00000000eab00000, 0x00000000ec480000, 0x0000000100000000)
  eden space 20992K, 0% used [0x00000000eab00000,0x00000000eab00000,0x00000000ebf80000)
  from space 2560K, 90% used [0x00000000ec200000,0x00000000ec440010,0x00000000ec480000)
  to   space 2560K, 0% used [0x00000000ebf80000,0x00000000ebf80000,0x00000000ec200000)
 ParOldGen       total 68608K, used 25607K [0x00000000c0000000, 0x00000000c4300000, 0x00000000eab00000)
  object space 68608K, 37% used [0x00000000c0000000,0x00000000c1901e38,0x00000000c4300000)
 Metaspace       used 45555K, committed 46464K, reserved 1114112K
  class space    used 4611K, committed 4992K, reserved 1048576K
}
Event: 11.152 GC heap before
{Heap before GC invocations=23 (full 2):
 PSYoungGen      total 23552K, used 23296K [0x00000000eab00000, 0x00000000ec480000, 0x0000000100000000)
  eden space 20992K, 100% used [0x00000000eab00000,0x00000000ebf80000,0x00000000ebf80000)
  from space 2560K, 90% used [0x00000000ec200000,0x00000000ec440010,0x00000000ec480000)
  to   space 2560K, 0% used [0x00000000ebf80000,0x00000000ebf80000,0x00000000ec200000)
 ParOldGen       total 68608K, used 25607K [0x00000000c0000000, 0x00000000c4300000, 0x00000000eab00000)
  object space 68608K, 37% used [0x00000000c0000000,0x00000000c1901e38,0x00000000c4300000)
 Metaspace       used 45805K, committed 46656K, reserved 1114112K
  class space    used 4632K, committed 4992K, reserved 1048576K
}
Event: 11.156 GC heap after
{Heap after GC invocations=23 (full 2):
 PSYoungGen      total 23552K, used 2119K [0x00000000eab00000, 0x00000000ec480000, 0x0000000100000000)
  eden space 20992K, 0% used [0x00000000eab00000,0x00000000eab00000,0x00000000ebf80000)
  from space 2560K, 82% used [0x00000000ebf80000,0x00000000ec191d78,0x00000000ec200000)
  to   space 2560K, 0% used [0x00000000ec200000,0x00000000ec200000,0x00000000ec480000)
 ParOldGen       total 68608K, used 27815K [0x00000000c0000000, 0x00000000c4300000, 0x00000000eab00000)
  object space 68608K, 40% used [0x00000000c0000000,0x00000000c1b29e48,0x00000000c4300000)
 Metaspace       used 45805K, committed 46656K, reserved 1114112K
  class space    used 4632K, committed 4992K, reserved 1048576K
}

Dll operation events (10 events):
Event: 0.025 Loaded shared library c:\Users\44784\.vscode\extensions\redhat.java-1.35.1-win32-x64\jre\17.0.12-win32-x86_64\bin\java.dll
Event: 0.302 Loaded shared library c:\Users\44784\.vscode\extensions\redhat.java-1.35.1-win32-x64\jre\17.0.12-win32-x86_64\bin\zip.dll
Event: 0.305 Loaded shared library C:\Users\44784\.vscode\extensions\redhat.java-1.35.1-win32-x64\jre\17.0.12-win32-x86_64\bin\instrument.dll
Event: 0.318 Loaded shared library C:\Users\44784\.vscode\extensions\redhat.java-1.35.1-win32-x64\jre\17.0.12-win32-x86_64\bin\net.dll
Event: 0.321 Loaded shared library C:\Users\44784\.vscode\extensions\redhat.java-1.35.1-win32-x64\jre\17.0.12-win32-x86_64\bin\nio.dll
Event: 0.327 Loaded shared library C:\Users\44784\.vscode\extensions\redhat.java-1.35.1-win32-x64\jre\17.0.12-win32-x86_64\bin\zip.dll
Event: 0.345 Loaded shared library C:\Users\44784\.vscode\extensions\redhat.java-1.35.1-win32-x64\jre\17.0.12-win32-x86_64\bin\jimage.dll
Event: 0.426 Loaded shared library c:\Users\44784\.vscode\extensions\redhat.java-1.35.1-win32-x64\jre\17.0.12-win32-x86_64\bin\verify.dll
Event: 1.457 Loaded shared library C:\Users\44784\AppData\Roaming\Code\User\globalStorage\redhat.java\1.35.1\config_ss_win\org.eclipse.equinox.launcher\org.eclipse.equinox.launcher.win32.win32.x86_64_1.2.1100.v20240722-2106\eclipse_11904.dll
Event: 2.664 Loaded shared library C:\Users\44784\AppData\Local\Temp\jna-49626867\jna9816249327184910947.dll

Deoptimization events (20 events):
Event: 11.752 Thread 0x000001a1cf10e960 DEOPT PACKING pc=0x000001a1be8f7100 sp=0x0000002ac8efe170
Event: 11.752 Thread 0x000001a1cf10e960 DEOPT UNPACKING pc=0x000001a1be0c66a3 sp=0x0000002ac8efe100 mode 2
Event: 11.760 Thread 0x000001a1d082fd50 Uncommon trap: trap_request=0xffffff54 fr.pc=0x000001a1be8f6038 relative=0x0000000000002138
Event: 11.760 Thread 0x000001a1d082fd50 Uncommon trap: reason=speculate_null_assert action=make_not_entrant pc=0x000001a1be8f6038 method=org.eclipse.jdt.internal.core.JavaModelCache.getInfo(Lorg/eclipse/jdt/core/IJavaElement;)Lorg/eclipse/jdt/internal/compiler/env/IElementInfo; @ 123 c2
Event: 11.760 Thread 0x000001a1d082fd50 DEOPT PACKING pc=0x000001a1be8f6038 sp=0x0000002ac9ffd740
Event: 11.760 Thread 0x000001a1d082fd50 DEOPT UNPACKING pc=0x000001a1be0c66a3 sp=0x0000002ac9ffd6d0 mode 2
Event: 11.839 Thread 0x000001a1d082fd50 Uncommon trap: trap_request=0xffffff45 fr.pc=0x000001a1be7a1234 relative=0x0000000000000274
Event: 11.839 Thread 0x000001a1d082fd50 Uncommon trap: reason=unstable_if action=reinterpret pc=0x000001a1be7a1234 method=jdk.internal.jimage.ImageStringsReader.stringFromByteBufferMatches(Ljava/nio/ByteBuffer;ILjava/lang/String;I)I @ 59 c2
Event: 11.839 Thread 0x000001a1d082fd50 DEOPT PACKING pc=0x000001a1be7a1234 sp=0x0000002ac9ffc4a0
Event: 11.839 Thread 0x000001a1d082fd50 DEOPT UNPACKING pc=0x000001a1be0c66a3 sp=0x0000002ac9ffc418 mode 2
Event: 11.839 Thread 0x000001a1d082fd50 Uncommon trap: trap_request=0xffffff45 fr.pc=0x000001a1be7ca80c relative=0x0000000000000c4c
Event: 11.839 Thread 0x000001a1d082fd50 Uncommon trap: reason=unstable_if action=reinterpret pc=0x000001a1be7ca80c method=jdk.internal.jrtfs.JrtFileSystem.checkNode(Ljdk/internal/jrtfs/JrtPath;)Ljdk/internal/jimage/ImageReader$Node; @ 16 c2
Event: 11.839 Thread 0x000001a1d082fd50 DEOPT PACKING pc=0x000001a1be7ca80c sp=0x0000002ac9ffc7f0
Event: 11.839 Thread 0x000001a1d082fd50 DEOPT UNPACKING pc=0x000001a1be0c66a3 sp=0x0000002ac9ffc7f0 mode 2
Event: 12.060 Thread 0x000001a1cf10e960 DEOPT PACKING pc=0x000001a1b75446a1 sp=0x0000002ac8efe0d0
Event: 12.060 Thread 0x000001a1cf10e960 DEOPT UNPACKING pc=0x000001a1be0c6e43 sp=0x0000002ac8efd508 mode 0
Event: 12.064 Thread 0x000001a1cf10e960 Uncommon trap: trap_request=0xffffff45 fr.pc=0x000001a1be8938b0 relative=0x00000000000000b0
Event: 12.064 Thread 0x000001a1cf10e960 Uncommon trap: reason=unstable_if action=reinterpret pc=0x000001a1be8938b0 method=java.util.Hashtable$Enumerator.nextElement()Ljava/lang/Object; @ 87 c2
Event: 12.064 Thread 0x000001a1cf10e960 DEOPT PACKING pc=0x000001a1be8938b0 sp=0x0000002ac8eff070
Event: 12.064 Thread 0x000001a1cf10e960 DEOPT UNPACKING pc=0x000001a1be0c66a3 sp=0x0000002ac8efef98 mode 2

Classes loaded (20 events):
Event: 10.335 Loading class java/lang/UnsupportedClassVersionError
Event: 10.335 Loading class java/lang/UnsupportedClassVersionError done
Event: 10.339 Loading class jdk/internal/reflect/UnsafeQualifiedStaticIntegerFieldAccessorImpl
Event: 10.340 Loading class jdk/internal/reflect/UnsafeQualifiedStaticIntegerFieldAccessorImpl done
Event: 11.132 Loading class java/util/stream/MatchOps$MatchKind
Event: 11.132 Loading class java/util/stream/MatchOps$MatchKind done
Event: 11.132 Loading class java/util/stream/MatchOps
Event: 11.132 Loading class java/util/stream/MatchOps done
Event: 11.132 Loading class java/util/stream/MatchOps$MatchOp
Event: 11.132 Loading class java/util/stream/MatchOps$MatchOp done
Event: 11.132 Loading class java/util/stream/MatchOps$BooleanTerminalSink
Event: 11.133 Loading class java/util/stream/MatchOps$BooleanTerminalSink done
Event: 11.133 Loading class java/util/stream/MatchOps$1MatchSink
Event: 11.133 Loading class java/util/stream/MatchOps$1MatchSink done
Event: 11.288 Loading class java/util/stream/ReduceOps$4
Event: 11.288 Loading class java/util/stream/ReduceOps$4 done
Event: 11.288 Loading class java/util/stream/ReduceOps$4ReducingSink
Event: 11.288 Loading class java/util/stream/ReduceOps$4ReducingSink done
Event: 11.875 Loading class java/util/function/BiPredicate
Event: 11.875 Loading class java/util/function/BiPredicate done

Classes unloaded (7 events):
Event: 2.301 Thread 0x000001a1b1e0eb00 Unloading class 0x000000010021b400 'java/lang/invoke/LambdaForm$MH+0x000000010021b400'
Event: 2.301 Thread 0x000001a1b1e0eb00 Unloading class 0x000000010021b000 'java/lang/invoke/LambdaForm$MH+0x000000010021b000'
Event: 2.301 Thread 0x000001a1b1e0eb00 Unloading class 0x000000010021ac00 'java/lang/invoke/LambdaForm$MH+0x000000010021ac00'
Event: 2.301 Thread 0x000001a1b1e0eb00 Unloading class 0x000000010021a800 'java/lang/invoke/LambdaForm$MH+0x000000010021a800'
Event: 2.301 Thread 0x000001a1b1e0eb00 Unloading class 0x000000010021a400 'java/lang/invoke/LambdaForm$BMH+0x000000010021a400'
Event: 2.301 Thread 0x000001a1b1e0eb00 Unloading class 0x000000010021a000 'java/lang/invoke/LambdaForm$DMH+0x000000010021a000'
Event: 2.301 Thread 0x000001a1b1e0eb00 Unloading class 0x0000000100214400 'java/lang/invoke/LambdaForm$DMH+0x0000000100214400'

Classes redefined (0 events):
No events

Internal exceptions (20 events):
Event: 8.159 Thread 0x000001a1d082fd50 Exception <a 'java/lang/LinkageError'{0x00000000eaf39108}: loader lombok.launch.ShadowClassLoader @787c4cb7 attempted duplicate class definition for lombok.launch.PatchFixesHider$ValPortal. (lombok.launch.PatchFixesHider$ValPortal is in unnamed module of loader lombok.launch.ShadowClassLoader @787c4cb7, parent loader org.eclipse.osgi.internal.loader.EquinoxClassLoader @7c2f9777)> (0x00000000eaf39108) 
thrown [s\src\hotspot\share\classfile\systemDictionary.cpp, line 1723]
Event: 9.488 Thread 0x000001a1d0829810 Exception <a 'java/lang/LinkageError'{0x00000000eb3e2948}: loader lombok.launch.ShadowClassLoader @57ccedee attempted duplicate class definition for lombok.launch.PatchFixesHider$FieldInitializer. (lombok.launch.PatchFixesHider$FieldInitializer is in unnamed module of loader lombok.launch.ShadowClassLoader @57ccedee, parent loader org.eclipse.osgi.internal.loader.EquinoxClassLoader @7f82f704)> (0x00000000eb3e2948) 
thrown [s\src\hotspot\share\classfile\systemDictionary.cpp, line 1723]
Event: 10.303 Thread 0x000001a1cf10e960 Exception <a 'java/lang/NoSuchMethodError'{0x00000000ebbb3cb8}: 'java.lang.Object java.lang.invoke.DirectMethodHandle$Holder.invokeSpecial(java.lang.Object, java.lang.Object, int, long)'> (0x00000000ebbb3cb8) 
thrown [s\src\hotspot\share\interpreter\linkResolver.cpp, line 759]
Event: 11.131 Thread 0x000001a1d082fd50 Exception <a 'java/lang/NoSuchMethodError'{0x00000000ebdab378}: 'int java.lang.invoke.DirectMethodHandle$Holder.invokeInterface(java.lang.Object, java.lang.Object)'> (0x00000000ebdab378) 
thrown [s\src\hotspot\share\interpreter\linkResolver.cpp, line 759]
Event: 11.131 Thread 0x000001a1d082fd50 Exception <a 'java/lang/IncompatibleClassChangeError'{0x00000000ebdae908}: Found class java.lang.Object, but interface was expected> (0x00000000ebdae908) 
thrown [s\src\hotspot\share\interpreter\linkResolver.cpp, line 826]
Event: 11.186 Thread 0x000001a1cf10e960 Exception <a 'java/lang/NoSuchMethodError'{0x00000000eac74628}: 'int java.lang.invoke.DirectMethodHandle$Holder.invokeStatic(java.lang.Object, java.lang.Object, java.lang.Object, int)'> (0x00000000eac74628) 
thrown [s\src\hotspot\share\interpreter\linkResolver.cpp, line 759]
Event: 11.186 Thread 0x000001a1d082fd50 Exception <a 'java/lang/NoSuchMethodError'{0x00000000eac2e888}: 'int java.lang.invoke.DirectMethodHandle$Holder.invokeStatic(java.lang.Object, java.lang.Object, java.lang.Object, int)'> (0x00000000eac2e888) 
thrown [s\src\hotspot\share\interpreter\linkResolver.cpp, line 759]
Event: 11.299 Thread 0x000001a1cf10e960 Implicit null exception at 0x000001a1be8e2d6c to 0x000001a1be8e4324
Event: 11.299 Thread 0x000001a1d082fd50 Implicit null exception at 0x000001a1be8e2d6c to 0x000001a1be8e4324
Event: 11.317 Thread 0x000001a1cf10e960 Implicit null exception at 0x000001a1be8e8b1b to 0x000001a1be8e8c6c
Event: 11.317 Thread 0x000001a1d082fd50 Implicit null exception at 0x000001a1be8e8b1b to 0x000001a1be8e8c6c
Event: 11.641 Thread 0x000001a1d082fd50 Exception <a 'sun/nio/fs/WindowsException'{0x00000000eb155ca8}> (0x00000000eb155ca8) 
thrown [s\src\hotspot\share\prims\jni.cpp, line 516]
Event: 11.647 Thread 0x000001a1d082fd50 Exception <a 'java/io/FileNotFoundException'{0x00000000eb16daa8}> (0x00000000eb16daa8) 
thrown [s\src\hotspot\share\prims\jni.cpp, line 516]
Event: 11.647 Thread 0x000001a1d082fd50 Exception <a 'java/io/FileNotFoundException'{0x00000000eb16ed40}> (0x00000000eb16ed40) 
thrown [s\src\hotspot\share\prims\jni.cpp, line 516]
Event: 11.661 Thread 0x000001a1d082fd50 Exception <a 'java/lang/LinkageError'{0x00000000eb18eef8}: loader lombok.launch.ShadowClassLoader @787c4cb7 attempted duplicate class definition for lombok.launch.PatchFixesHider$Delegate. (lombok.launch.PatchFixesHider$Delegate is in unnamed module of loader lombok.launch.ShadowClassLoader @787c4cb7, parent loader org.eclipse.osgi.internal.loader.EquinoxClassLoader @7c2f9777)> (0x00000000eb18eef8) 
thrown [s\src\hotspot\share\classfile\systemDictionary.cpp, line 1723]
Event: 11.842 Thread 0x000001a1cf10e960 Exception <a 'java/lang/LinkageError'{0x00000000eb50ee40}: loader lombok.launch.ShadowClassLoader @787c4cb7 attempted duplicate class definition for lombok.launch.PatchFixesHider$ExtensionMethod. (lombok.launch.PatchFixesHider$ExtensionMethod is in unnamed module of loader lombok.launch.ShadowClassLoader @787c4cb7, parent loader org.eclipse.osgi.internal.loader.EquinoxClassLoader @7c2f9777)> (0x00000000eb50ee40) 
thrown [s\src\hotspot\share\classfile\systemDictionary.cpp, line 1723]
Event: 11.894 Thread 0x000001a1cf10e960 Exception <a 'java/lang/NoSuchMethodError'{0x00000000eb69cc30}: 'int java.lang.invoke.DirectMethodHandle$Holder.invokeStatic(java.lang.Object, int, java.lang.Object)'> (0x00000000eb69cc30) 
thrown [s\src\hotspot\share\interpreter\linkResolver.cpp, line 759]
Event: 12.074 Thread 0x000001a1cf10e960 Exception <a 'java/io/FileNotFoundException'{0x00000000eb9c2370}> (0x00000000eb9c2370) 
thrown [s\src\hotspot\share\prims\jni.cpp, line 516]
Event: 12.074 Thread 0x000001a1cf10e960 Exception <a 'java/io/FileNotFoundException'{0x00000000eb9c3368}> (0x00000000eb9c3368) 
thrown [s\src\hotspot\share\prims\jni.cpp, line 516]
Event: 12.074 Thread 0x000001a1cf10e960 Exception <a 'java/io/FileNotFoundException'{0x00000000eb9c40d0}> (0x00000000eb9c40d0) 
thrown [s\src\hotspot\share\prims\jni.cpp, line 516]

VM Operations (20 events):
Event: 9.115 Executing VM operation: ParallelGCFailedAllocation
Event: 9.116 Executing VM operation: ParallelGCFailedAllocation done
Event: 9.331 Executing VM operation: HandshakeAllThreads
Event: 9.331 Executing VM operation: HandshakeAllThreads done
Event: 10.332 Executing VM operation: Cleanup
Event: 10.333 Executing VM operation: Cleanup done
Event: 10.546 Executing VM operation: ParallelGCFailedAllocation
Event: 10.547 Executing VM operation: ParallelGCFailedAllocation done
Event: 10.741 Executing VM operation: ParallelGCFailedAllocation
Event: 10.749 Executing VM operation: ParallelGCFailedAllocation done
Event: 10.841 Executing VM operation: ParallelGCFailedAllocation
Event: 10.850 Executing VM operation: ParallelGCFailedAllocation done
Event: 11.016 Executing VM operation: ParallelGCFailedAllocation
Event: 11.020 Executing VM operation: ParallelGCFailedAllocation done
Event: 11.151 Executing VM operation: ParallelGCFailedAllocation
Event: 11.156 Executing VM operation: ParallelGCFailedAllocation done
Event: 11.295 Executing VM operation: HandshakeAllThreads
Event: 11.295 Executing VM operation: HandshakeAllThreads done
Event: 11.698 Executing VM operation: HandshakeAllThreads
Event: 11.698 Executing VM operation: HandshakeAllThreads done

Events (20 events):
Event: 4.413 Thread 0x000001a1d082a740 Thread added: 0x000001a1d082a740
Event: 4.413 Thread 0x000001a1d082ac50 Thread added: 0x000001a1d082ac50
Event: 4.413 Thread 0x000001a1d082c090 Thread added: 0x000001a1d082c090
Event: 4.413 Thread 0x000001a1d082c5a0 Thread added: 0x000001a1d082c5a0
Event: 4.444 Thread 0x000001a1d082def0 Thread added: 0x000001a1d082def0
Event: 4.654 Thread 0x000001a1d082e400 Thread added: 0x000001a1d082e400
Event: 4.654 Thread 0x000001a1d0829810 Thread added: 0x000001a1d0829810
Event: 4.784 Thread 0x000001a1cfa235a0 Thread exited: 0x000001a1cfa235a0
Event: 4.784 Thread 0x000001a1cf3a54e0 Thread exited: 0x000001a1cf3a54e0
Event: 6.954 Thread 0x000001a1d082fd50 Thread added: 0x000001a1d082fd50
Event: 6.979 Thread 0x000001a1d082a230 Thread added: 0x000001a1d082a230
Event: 7.359 Thread 0x000001a1d0744a90 Thread added: 0x000001a1d0744a90
Event: 7.610 Thread 0x000001a1ceb02030 Thread added: 0x000001a1ceb02030
Event: 8.088 Thread 0x000001a1cf1d52b0 Thread exited: 0x000001a1cf1d52b0
Event: 9.141 Thread 0x000001a1ceb02030 Thread exited: 0x000001a1ceb02030
Event: 9.300 Thread 0x000001a1d0744a90 Thread exited: 0x000001a1d0744a90
Event: 10.550 Thread 0x000001a1d098d670 Thread added: 0x000001a1d098d670
Event: 11.633 Thread 0x000001a1d098d670 Thread exited: 0x000001a1d098d670
Event: 11.646 Thread 0x000001a1d082d9e0 Thread added: 0x000001a1d082d9e0
Event: 11.894 Thread 0x000001a1dc879940 Thread added: 0x000001a1dc879940


Dynamic libraries:
0x00007ff7a1700000 - 0x00007ff7a170e000 	c:\Users\44784\.vscode\extensions\redhat.java-1.35.1-win32-x64\jre\17.0.12-win32-x86_64\bin\java.exe
0x00007ff8bc810000 - 0x00007ff8bca27000 	C:\WINDOWS\SYSTEM32\ntdll.dll
0x00007ff8bb6f0000 - 0x00007ff8bb7b4000 	C:\WINDOWS\System32\KERNEL32.DLL
0x00007ff8ba060000 - 0x00007ff8ba417000 	C:\WINDOWS\System32\KERNELBASE.dll
0x00007ff8ba420000 - 0x00007ff8ba531000 	C:\WINDOWS\System32\ucrtbase.dll
0x00007ff89dc10000 - 0x00007ff89dc27000 	c:\Users\44784\.vscode\extensions\redhat.java-1.35.1-win32-x64\jre\17.0.12-win32-x86_64\bin\jli.dll
0x00007ff8bb870000 - 0x00007ff8bba1f000 	C:\WINDOWS\System32\USER32.dll
0x00007ff8b9d90000 - 0x00007ff8b9db6000 	C:\WINDOWS\System32\win32u.dll
0x00007ff8bb6c0000 - 0x00007ff8bb6e9000 	C:\WINDOWS\System32\GDI32.dll
0x00007ff8b9b20000 - 0x00007ff8b9c38000 	C:\WINDOWS\System32\gdi32full.dll
0x00007ff8b9c40000 - 0x00007ff8b9cda000 	C:\WINDOWS\System32\msvcp_win.dll
0x00007ff89d540000 - 0x00007ff89d55b000 	c:\Users\44784\.vscode\extensions\redhat.java-1.35.1-win32-x64\jre\17.0.12-win32-x86_64\bin\VCRUNTIME140.dll
0x00007ff8a3790000 - 0x00007ff8a3a23000 	C:\WINDOWS\WinSxS\amd64_microsoft.windows.common-controls_6595b64144ccf1df_6.0.22621.3672_none_2713b9d173822955\COMCTL32.dll
0x00007ff8ba9e0000 - 0x00007ff8baa87000 	C:\WINDOWS\System32\msvcrt.dll
0x00007ff8bc790000 - 0x00007ff8bc7c1000 	C:\WINDOWS\System32\IMM32.DLL
0x00007ff8b23a0000 - 0x00007ff8b23ac000 	c:\Users\44784\.vscode\extensions\redhat.java-1.35.1-win32-x64\jre\17.0.12-win32-x86_64\bin\vcruntime140_1.dll
0x00007ff87ba90000 - 0x00007ff87bb1d000 	c:\Users\44784\.vscode\extensions\redhat.java-1.35.1-win32-x64\jre\17.0.12-win32-x86_64\bin\msvcp140.dll
0x00007ff868740000 - 0x00007ff8693aa000 	c:\Users\44784\.vscode\extensions\redhat.java-1.35.1-win32-x64\jre\17.0.12-win32-x86_64\bin\server\jvm.dll
0x00007ff8bba30000 - 0x00007ff8bbae2000 	C:\WINDOWS\System32\ADVAPI32.dll
0x00007ff8bbd50000 - 0x00007ff8bbdf8000 	C:\WINDOWS\System32\sechost.dll
0x00007ff8b9d60000 - 0x00007ff8b9d88000 	C:\WINDOWS\System32\bcrypt.dll
0x00007ff8ba6b0000 - 0x00007ff8ba7c4000 	C:\WINDOWS\System32\RPCRT4.dll
0x00007ff8bb630000 - 0x00007ff8bb6a1000 	C:\WINDOWS\System32\WS2_32.dll
0x00007ff8afcc0000 - 0x00007ff8afcf4000 	C:\WINDOWS\SYSTEM32\WINMM.dll
0x00007ff8b8790000 - 0x00007ff8b879a000 	C:\WINDOWS\SYSTEM32\VERSION.dll
0x00007ff8b94a0000 - 0x00007ff8b94ed000 	C:\WINDOWS\SYSTEM32\POWRPROF.dll
0x00007ff8b9410000 - 0x00007ff8b9423000 	C:\WINDOWS\SYSTEM32\UMPDC.dll
0x00007ff8b8b30000 - 0x00007ff8b8b48000 	C:\WINDOWS\SYSTEM32\kernel.appcore.dll
0x00007ff8adf90000 - 0x00007ff8adf9a000 	c:\Users\44784\.vscode\extensions\redhat.java-1.35.1-win32-x64\jre\17.0.12-win32-x86_64\bin\jimage.dll
0x00007ff8ae160000 - 0x00007ff8ae392000 	C:\WINDOWS\SYSTEM32\DBGHELP.DLL
0x00007ff8bbe00000 - 0x00007ff8bc18e000 	C:\WINDOWS\System32\combase.dll
0x00007ff8bb4c0000 - 0x00007ff8bb597000 	C:\WINDOWS\System32\OLEAUT32.dll
0x00007ff8a9cc0000 - 0x00007ff8a9cf2000 	C:\WINDOWS\SYSTEM32\dbgcore.DLL
0x00007ff8b9ce0000 - 0x00007ff8b9d5b000 	C:\WINDOWS\System32\bcryptPrimitives.dll
0x00007ff8a1c60000 - 0x00007ff8a1c6e000 	c:\Users\44784\.vscode\extensions\redhat.java-1.35.1-win32-x64\jre\17.0.12-win32-x86_64\bin\instrument.dll
0x00007ff88e240000 - 0x00007ff88e265000 	c:\Users\44784\.vscode\extensions\redhat.java-1.35.1-win32-x64\jre\17.0.12-win32-x86_64\bin\java.dll
0x00007ff88a3e0000 - 0x00007ff88a3f8000 	c:\Users\44784\.vscode\extensions\redhat.java-1.35.1-win32-x64\jre\17.0.12-win32-x86_64\bin\zip.dll
0x00007ff8bac50000 - 0x00007ff8bb4b9000 	C:\WINDOWS\System32\SHELL32.dll
0x00007ff8b7df0000 - 0x00007ff8b86ef000 	C:\WINDOWS\SYSTEM32\windows.storage.dll
0x00007ff8b7cb0000 - 0x00007ff8b7def000 	C:\WINDOWS\SYSTEM32\wintypes.dll
0x00007ff8ba5a0000 - 0x00007ff8ba699000 	C:\WINDOWS\System32\SHCORE.dll
0x00007ff8bb810000 - 0x00007ff8bb86e000 	C:\WINDOWS\System32\shlwapi.dll
0x00007ff8b9a50000 - 0x00007ff8b9a77000 	C:\WINDOWS\SYSTEM32\profapi.dll
0x00007ff88a050000 - 0x00007ff88a069000 	C:\Users\44784\.vscode\extensions\redhat.java-1.35.1-win32-x64\jre\17.0.12-win32-x86_64\bin\net.dll
0x00007ff8b2540000 - 0x00007ff8b2676000 	C:\WINDOWS\SYSTEM32\WINHTTP.dll
0x00007ff8b8f90000 - 0x00007ff8b8ff9000 	C:\WINDOWS\system32\mswsock.dll
0x00007ff889260000 - 0x00007ff889276000 	C:\Users\44784\.vscode\extensions\redhat.java-1.35.1-win32-x64\jre\17.0.12-win32-x86_64\bin\nio.dll
0x00007ff8a3290000 - 0x00007ff8a32a0000 	c:\Users\44784\.vscode\extensions\redhat.java-1.35.1-win32-x64\jre\17.0.12-win32-x86_64\bin\verify.dll
0x00007ff88e2b0000 - 0x00007ff88e2f5000 	C:\Users\44784\AppData\Roaming\Code\User\globalStorage\redhat.java\1.35.1\config_ss_win\org.eclipse.equinox.launcher\org.eclipse.equinox.launcher.win32.win32.x86_64_1.2.1100.v20240722-2106\eclipse_11904.dll
0x00007ff8bbaf0000 - 0x00007ff8bbc95000 	C:\WINDOWS\System32\ole32.dll
0x00007ff8b92e0000 - 0x00007ff8b92fb000 	C:\WINDOWS\SYSTEM32\CRYPTSP.dll
0x00007ff8b8a90000 - 0x00007ff8b8ac5000 	C:\WINDOWS\system32\rsaenh.dll
0x00007ff8b9030000 - 0x00007ff8b9058000 	C:\WINDOWS\SYSTEM32\USERENV.dll
0x00007ff8b92c0000 - 0x00007ff8b92cc000 	C:\WINDOWS\SYSTEM32\CRYPTBASE.dll
0x00007ff8b79b0000 - 0x00007ff8b79dd000 	C:\WINDOWS\SYSTEM32\IPHLPAPI.DLL
0x00007ff8bb7e0000 - 0x00007ff8bb7e9000 	C:\WINDOWS\System32\NSI.dll
0x00007ff8b2380000 - 0x00007ff8b2399000 	C:\WINDOWS\SYSTEM32\dhcpcsvc6.DLL
0x00007ff8b2270000 - 0x00007ff8b228f000 	C:\WINDOWS\SYSTEM32\dhcpcsvc.DLL
0x00007ff8b79e0000 - 0x00007ff8b7ae2000 	C:\WINDOWS\SYSTEM32\DNSAPI.dll
0x00007ff871f10000 - 0x00007ff871f59000 	C:\Users\44784\AppData\Local\Temp\jna-49626867\jna9816249327184910947.dll
0x00007ff8bba20000 - 0x00007ff8bba28000 	C:\WINDOWS\System32\PSAPI.DLL

dbghelp: loaded successfully - version: 4.0.5 - missing functions: none
symbol engine: initialized successfully - sym options: 0x614 - pdb path: .;c:\Users\44784\.vscode\extensions\redhat.java-1.35.1-win32-x64\jre\17.0.12-win32-x86_64\bin;C:\WINDOWS\SYSTEM32;C:\WINDOWS\WinSxS\amd64_microsoft.windows.common-controls_6595b64144ccf1df_6.0.22621.3672_none_2713b9d173822955;c:\Users\44784\.vscode\extensions\redhat.java-1.35.1-win32-x64\jre\17.0.12-win32-x86_64\bin\server;C:\Users\44784\AppData\Roaming\Code\User\globalStorage\redhat.java\1.35.1\config_ss_win\org.eclipse.equinox.launcher\org.eclipse.equinox.launcher.win32.win32.x86_64_1.2.1100.v20240722-2106;C:\Users\44784\AppData\Local\Temp\jna-49626867

VM Arguments:
jvm_args: --add-modules=ALL-SYSTEM --add-opens=java.base/java.util=ALL-UNNAMED --add-opens=java.base/java.lang=ALL-UNNAMED --add-opens=java.base/sun.nio.fs=ALL-UNNAMED -Declipse.application=org.eclipse.jdt.ls.core.id1 -Dosgi.bundles.defaultStartLevel=4 -Declipse.product=org.eclipse.jdt.ls.core.product -Djava.import.generatesMetadataFilesAtProjectRoot=false -DDetectVMInstallationsJob.disabled=true -Dfile.encoding=utf8 -XX:+UseParallelGC -XX:GCTimeRatio=4 -XX:AdaptiveSizePolicyWeight=90 -Dsun.zip.disableMemoryMapping=true -Xmx1G -Xms100m -Xlog:disable -javaagent:c:\Users\44784\.vscode\extensions\redhat.java-1.35.1-win32-x64\lombok\lombok-1.18.33.jar 
java_command: c:\Users\44784\.vscode\extensions\redhat.java-1.35.1-win32-x64\server\plugins\org.eclipse.equinox.launcher_1.6.900.v20240613-2009.jar -configuration c:\Users\44784\AppData\Roaming\Code\User\globalStorage\redhat.java\1.35.1\config_ss_win -data c:\Users\44784\AppData\Roaming\Code\User\workspaceStorage\da41ad08b80f60b88457bd71583826af\redhat.java\ss_ws --pipe=\\.\pipe\lsp-fd6bd60863481e2862108cc5e70d73e7-sock
java_class_path (initial): c:\Users\44784\.vscode\extensions\redhat.java-1.35.1-win32-x64\server\plugins\org.eclipse.equinox.launcher_1.6.900.v20240613-2009.jar
Launcher Type: SUN_STANDARD

[Global flags]
    uintx AdaptiveSizePolicyWeight                 = 90                                        {product} {command line}
     intx CICompilerCount                          = 4                                         {product} {ergonomic}
    uintx GCTimeRatio                              = 4                                         {product} {command line}
   size_t InitialHeapSize                          = 104857600                                 {product} {command line}
   size_t MaxHeapSize                              = 1073741824                                {product} {command line}
   size_t MaxNewSize                               = 357564416                                 {product} {ergonomic}
   size_t MinHeapDeltaBytes                        = 524288                                    {product} {ergonomic}
   size_t MinHeapSize                              = 104857600                                 {product} {command line}
   size_t NewSize                                  = 34603008                                  {product} {ergonomic}
    uintx NonNMethodCodeHeapSize                   = 5839372                                {pd product} {ergonomic}
    uintx NonProfiledCodeHeapSize                  = 122909434                              {pd product} {ergonomic}
   size_t OldSize                                  = 70254592                                  {product} {ergonomic}
    uintx ProfiledCodeHeapSize                     = 122909434                              {pd product} {ergonomic}
    uintx ReservedCodeCacheSize                    = 251658240                              {pd product} {ergonomic}
     bool SegmentedCodeCache                       = true                                      {product} {ergonomic}
   size_t SoftMaxHeapSize                          = 1073741824                             {manageable} {ergonomic}
     bool UseCompressedClassPointers               = true                           {product lp64_product} {ergonomic}
     bool UseCompressedOops                        = true                           {product lp64_product} {ergonomic}
     bool UseLargePagesIndividualAllocation        = false                                  {pd product} {ergonomic}
     bool UseParallelGC                            = true                                      {product} {command line}

Logging:
Log output configuration:
 #0: stdout all=off uptime,level,tags
 #1: stderr all=off uptime,level,tags

Environment Variables:
JAVA_HOME=C:\Program Files\Java\jdk-21
PATH=C:\Program Files\Common Files\Oracle\Java\javapath;C:\Program Files\NVIDIA GPU Computing Toolkit\CUDA\v11.0\bin;C:\Program Files\NVIDIA GPU Computing Toolkit\CUDA\v11.0\libnvvp;C:\Windows\system32;C:\Windows;C:\Windows\System32\Wbem;C:\Windows\System32\WindowsPowerShell\v1.0\;C:\Windows\System32\OpenSSH\;C:\Program Files\NVIDIA Corporation\Nsight Compute 2020.1.2\;C:\Program Files (x86)\NVIDIA Corporation\PhysX\Common;C:\Program Files\NVIDIA Corporation\NVIDIA NvDLISR;C:\Program Files\Java\jdk-14.0.2\bin;C:\xampp\php;C:\ProgramData\ComposerSetup\bin;C:\WINDOWS\system32;C:\WINDOWS;C:\WINDOWS\System32\Wbem;C:\WINDOWS\System32\WindowsPowerShell\v1.0\;C:\WINDOWS\System32\OpenSSH\;C:\Program Files\dotnet\;C:\Program Files\Microsoft SQL Server\150\Tools\Binn\;C:\Program Files\Microsoft SQL Server\Client SDK\ODBC\170\Tools\Binn\;C:\Program Files\Git\cmd;C:\Program Files\nodejs\;C:\Program Files\MySQL\MySQL Server 8.0\bin;C:\Gradle\gradle-8.10.2\bin;;C:\Program Files\Docker\Docker\resources\bin;C:\Program Files\MySQL\MySQL Shell 8.0\bin\;C:\Program Files\NVIDIA GPU Computing Toolkit\CUDA\v11.0\bin;C:\Program Files\NVIDIA GPU Computing Toolkit\CUDA\v11.0\libnvvp;C:\Windows\system32;C:\Windows;C:\Windows\System32\Wbem;C:\Windows\System32\WindowsPowerShell\v1.0\;C:\Windows\System32\OpenSSH\;C:\Program Files\NVIDIA Corporation\Nsight Compute 2020.1.2\;C:\Program Files (x86)\NVIDIA Corporation\PhysX\Common;C:\Program Files\NVIDIA Corporation\NVIDIA NvDLISR;C:\Program Files\Java\jdk-14.0.2\bin;C:\Program Files\Git\cmd;C:\Program Files\nodejs\;C:\xampp\php;C:\ProgramData\ComposerSetup\bin;C:\Program Files\Docker\Docker\resources\bin;C:\ProgramData\DockerDesktop\version-bin;C:\Users\44784\AppData\Local\Microsoft\WindowsApps;C:\Users\44784\AppData\Local\Programs\Microsoft VS Code\bin;C:\Program Files\nodejs;C:\Users\44784\AppData\Local\GitHubDesktop\bin;C:\Users\44784\AppData\Roaming\Composer\vendor\bin;C:\Users\44784\.cask\bin;C:\Users\44784\AppData\Local\Programs\mongosh\;C:\Use
USERNAME=44784
OS=Windows_NT
PROCESSOR_IDENTIFIER=AMD64 Family 23 Model 113 Stepping 0, AuthenticAMD
TMP=C:\Users\44784\AppData\Local\Temp
TEMP=C:\Users\44784\AppData\Local\Temp



Periodic native trim disabled


---------------  S Y S T E M  ---------------

OS:
 Windows 11 , 64 bit Build 22621 (10.0.22621.3958)
OS uptime: 0 days 15:47 hours
Hyper-V role detected

CPU: total 12 (initial active 12) (12 cores per cpu, 2 threads per core) family 23 model 113 stepping 0 microcode 0x0, cx8, cmov, fxsr, ht, mmx, 3dnowpref, sse, sse2, sse3, ssse3, sse4a, sse4.1, sse4.2, popcnt, lzcnt, tsc, tscinvbit, avx, avx2, aes, clmul, bmi1, bmi2, adx, sha, fma, vzeroupper, clflush, clflushopt, hv
Processor Information for all 12 processors :
  Max Mhz: 3600, Current Mhz: 3600, Mhz Limit: 3600

Memory: 4k page, system-wide physical 16332M (580M free)
TotalPageFile size 25884M (AvailPageFile size 4M)
current process WorkingSet (physical memory assigned to process): 201M, peak: 229M
current process commit charge ("private bytes"): 289M, peak: 327M

vm_info: OpenJDK 64-Bit Server VM (17.0.12+7) for windows-amd64 JRE (17.0.12+7), built on Jul 16 2024 22:08:24 by "admin" with MS VC++ 16.10 / 16.11 (VS2019)

END.
